============================= test session starts =============================
platform win32 -- Python 3.12.10, pytest-7.4.3, pluggy-1.6.0 -- D:\source\nextmeal\backend\venv\Scripts\python.exe
cachedir: .pytest_cache
rootdir: D:\source\nextmeal\backend
plugins: anyio-3.7.1, mock-3.12.0
collecting ... collected 7 items

tests/test_recommendation.py::test_get_context_signals_morning_no_fatigue PASSED [ 14%]
tests/test_recommendation.py::test_get_context_signals_late_fatigue_and_planned PASSED [ 28%]
tests/test_recommendation.py::test_calculate_recipe_score_baseline PASSED [ 42%]
tests/test_recommendation.py::test_calculate_recipe_score_penalties PASSED [ 57%]
tests/test_recommendation.py::test_filter_skipped_recipes PASSED         [ 71%]
tests/test_recommendation.py::test_generate_explanation_fatigue_and_easy PASSED [ 85%]
tests/test_recommendation.py::test_get_recommendation PASSED             [100%]

============================== warnings summary ===============================
app\models.py:6
  D:\source\nextmeal\backend\app\models.py:6: MovedIn20Warning: The ``declarative_base()`` function is now available as sqlalchemy.orm.declarative_base(). (deprecated since: 2.0) (Background on SQLAlchemy 2.0 at: https://sqlalche.me/e/b8d9)
    Base = declarative_base()

venv\Lib\site-packages\pydantic\_internal\_config.py:268
venv\Lib\site-packages\pydantic\_internal\_config.py:268
venv\Lib\site-packages\pydantic\_internal\_config.py:268
  D:\source\nextmeal\backend\venv\Lib\site-packages\pydantic\_internal\_config.py:268: PydanticDeprecatedSince20: Support for class-based `config` is deprecated, use ConfigDict instead. Deprecated in Pydantic V2.0 to be removed in V3.0. See Pydantic V2 Migration Guide at https://errors.pydantic.dev/2.5/migration/
    warnings.warn(DEPRECATION_MESSAGE, DeprecationWarning)

tests/test_recommendation.py::test_get_recommendation
  D:\source\nextmeal\backend\tests\test_recommendation.py:143: DeprecationWarning: datetime.datetime.utcnow() is deprecated and scheduled for removal in a future version. Use timezone-aware objects to represent datetimes in UTC: datetime.datetime.now(datetime.UTC).
    now = datetime.utcnow()

-- Docs: https://docs.pytest.org/en/stable/how-to/capture-warnings.html
======================== 7 passed, 5 warnings in 0.42s ========================
