============================= test session starts =============================
platform win32 -- Python 3.12.10, pytest-7.4.3, pluggy-1.6.0
rootdir: D:\source\nextmeal\backend
plugins: anyio-3.7.1, mock-3.12.0
collected 7 items

tests\test_recommendation.py .......                                     [100%]

============================== warnings summary ===============================
app\models.py:6
  D:\source\nextmeal\backend\app\models.py:6: MovedIn20Warning: The ``declarative_base()`` function is now available as sqlalchemy.orm.declarative_base(). (deprecated since: 2.0) (Background on SQLAlchemy 2.0 at: https://sqlalche.me/e/b8d9)
    Base = declarative_base()

app\schemas.py:15
  D:\source\nextmeal\backend\app\schemas.py:15: PydanticDeprecatedSince20: Support for class-based `config` is deprecated, use ConfigDict instead. Deprecated in Pydantic V2.0 to be removed in V3.0. See Pydantic V2 Migration Guide at https://errors.pydantic.dev/2.12/migration/
    class Category(CategoryBase):

app\schemas.py:37
  D:\source\nextmeal\backend\app\schemas.py:37: PydanticDeprecatedSince20: Support for class-based `config` is deprecated, use ConfigDict instead. Deprecated in Pydantic V2.0 to be removed in V3.0. See Pydantic V2 Migration Guide at https://errors.pydantic.dev/2.12/migration/
    class Recipe(RecipeBase):

app\schemas.py:62
  D:\source\nextmeal\backend\app\schemas.py:62: PydanticDeprecatedSince20: Support for class-based `config` is deprecated, use ConfigDict instead. Deprecated in Pydantic V2.0 to be removed in V3.0. See Pydantic V2 Migration Guide at https://errors.pydantic.dev/2.12/migration/
    class MealHistory(MealHistoryBase):

tests/test_recommendation.py::test_get_recommendation
  D:\source\nextmeal\backend\tests\test_recommendation.py:151: DeprecationWarning: datetime.datetime.utcnow() is deprecated and scheduled for removal in a future version. Use timezone-aware objects to represent datetimes in UTC: datetime.datetime.now(datetime.UTC).
    now = datetime.utcnow()

-- Docs: https://docs.pytest.org/en/stable/how-to/capture-warnings.html
======================== 7 passed, 5 warnings in 0.41s ========================
